<?xml version="1.0" encoding="UTF-8"?>
<testng-results ignored="0" total="1" passed="1" failed="0" skipped="0">
  <reporter-output>
  </reporter-output>
  <suite started-at="2019-10-16T17:12:45Z" name="Default suite" finished-at="2019-10-16T17:12:45Z" duration-ms="110">
    <groups>
    </groups>
    <test started-at="2019-10-16T17:12:45Z" name="Default test" finished-at="2019-10-16T17:12:45Z" duration-ms="110">
      <class name="org.testing.TestScripts.TC6">
        <test-method signature="tc6()[pri:0, instance:org.testing.TestScripts.TC6@2de23121]" started-at="2019-10-16T22:42:45Z" name="tc6" finished-at="2019-10-16T22:42:45Z" duration-ms="75" status="PASS">
          <reporter-output>
          </reporter-output>
        </test-method> <!-- tc6 -->
      </class> <!-- org.testing.TestScripts.TC6 -->
    </test> <!-- Default test -->
  </suite> <!-- Default suite -->
</testng-results>
