<?xml version="1.0" encoding="UTF-8"?>
<!-- Generated by org.testng.reporters.JUnitXMLReporter -->
<testsuite ignored="0" hostname="LAPTOP-MO4E1E2H" failures="0" tests="4" name="Test" time="2.888" errors="0" timestamp="03 Oct 2019 18:47:23 GMT">
  <testcase classname="org.testing.TestScripts.TC1" name="tc1" time="2.64"/>
  <testcase classname="org.testing.TestScripts.TC2" name="tc2" time="0.079"/>
  <testcase classname="org.testing.TestScripts.TC3" name="tc3" time="0.076"/>
  <testcase classname="org.testing.TestScripts.TC4" name="tc4" time="0.047"/>
</testsuite> <!-- Test -->
